[hikeeducation.com/online-amity-university/indexad8d.html]
[backblue.gif]
[fade.gif]
[index.html]
[hikeeducation.com/wp-content/themes/lt-university/page_template/images/Frame 485 (1).png]
[cdn.jsdelivr.net/npm/bootstrap@4.6.2/dist/css/bootstrap.min.css]
[cdn.jsdelivr.net/npm/jquery@3.6.1/dist/jquery.slim.min.js]
[cdn.jsdelivr.net/npm/popper.js@1.16.1/dist/umd/popper.min.js]
[cdn.jsdelivr.net/npm/bootstrap@4.6.2/dist/js/bootstrap.bundle.min.js]
[cdnjs.cloudflare.com/ajax/libs/font-awesome/4.0.3/css/font-awesome.css]
[cdn.jsdelivr.net/npm/jquery@3.6.4/dist/jquery.slim.min.js]
[hikeeducation.com/wp-content/themes/lt-university/page_template/css/style.css]
[hikeeducation.com/wp-content/themes/lt-university/page_template/css/responsive.css]
[hikeeducation.com/wp-content/themes/lt-university/page_template/css/easy-responsive-tabs.css]
[hikeeducation.com/wp-content/themes/lt-university/page_template/css/slick.css]
[cdn.jsdelivr.net/npm/slick-carousel/slick/slick.css]
[cdn.jsdelivr.net/npm/slick-carousel/slick/slick-theme.css]
[lsqbot.converse.leadsquared.com/bot-script.js]
[hikeeducation.com/wp-content/themes/lt-university/page_template/images/square_bullet.jpg]
[hikeeducation.com/wp-content/themes/lt-university/page_template/images/vawe.png]
[connect.facebook.net/en_US/fbevents.js]
[web-in21.mxradon.com/t/Tracker.js]
[static-cdn.trackier.com/js/trackier-web-sdk.js]
[hikeeducation.com/wp-content/themes/lt-university/page_template/images/amitylogo.png]
[hikeeducation.com/wp-content/themes/lt-university/page_template/images/assured-Job-opportunity.png]
[hikeeducation.com/wp-content/themes/lt-university/page_template/images/course-icon1.png]
[hikeeducation.com/wp-content/themes/lt-university/page_template/images/course-icon2.png]
[hikeeducation.com/wp-content/themes/lt-university/page_template/images/course-icon4.png]
[hikeeducation.com/wp-content/themes/lt-university/page_template/images/Entrepreneurship.png]
[hikeeducation.com/wp-content/themes/lt-university/page_template/images/Finance.png]
[hikeeducation.com/wp-content/themes/lt-university/page_template/images/Hospitality.png]
[hikeeducation.com/wp-content/themes/lt-university/page_template/images/Human resource.png]
[hikeeducation.com/wp-content/themes/lt-university/page_template/images/Insurance.png]
[hikeeducation.com/wp-content/themes/lt-university/page_template/images/International.png]
[hikeeducation.com/wp-content/themes/lt-university/page_template/images/Information.png]
[hikeeducation.com/wp-content/themes/lt-university/page_template/images/Marketing.png]
[hikeeducation.com/wp-content/themes/lt-university/page_template/images/Petroleum.png]
[hikeeducation.com/wp-content/themes/lt-university/page_template/images/production.png]
[hikeeducation.com/wp-content/themes/lt-university/page_template/images/Retail.png]
[hikeeducation.com/wp-content/themes/lt-university/page_template/images/global.png]
[hikeeducation.com/wp-content/themes/lt-university/page_template/images/03.jpg]
[hikeeducation.com/wp-content/themes/lt-university/page_template/images/Microsoft.png]
[hikeeducation.com/wp-content/themes/lt-university/page_template/images/IBM.png]
[hikeeducation.com/wp-content/themes/lt-university/page_template/images/Nestle.png]
[hikeeducation.com/wp-content/themes/lt-university/page_template/images/Samsung.png]
[hikeeducation.com/wp-content/themes/lt-university/page_template/images/Adobe.png]
[hikeeducation.com/wp-content/themes/lt-university/page_template/images/Ranbaxy.png]
[hikeeducation.com/wp-content/themes/lt-university/page_template/images/ESPN.png]
[hikeeducation.com/wp-content/themes/lt-university/page_template/images/SONY.png]
[hikeeducation.com/wp-content/themes/lt-university/page_template/images/NIIT.png]
[hikeeducation.com/wp-content/themes/lt-university/page_template/images/SBI.png]
[hikeeducation.com/wp-content/themes/lt-university/page_template/images/CITI.png]
[hikeeducation.com/wp-content/themes/lt-university/page_template/images/Wipro.png]
[hikeeducation.com/wp-content/themes/lt-university/page_template/images/top-logo-panel.jpg]
[code.jquery.com/jquery-3.6.0.min.js]
[cdn.jsdelivr.net/npm/slick-carousel@1.8.1/slick.min.js]
[cdn.jsdelivr.net/npm/slick-carousel/slick/slick.min.js]
[code.jquery.com/jquery-3.4.1.js]
[hikeeducation.com/wp-content/themes/lt-university/page_template/js/easy-responsive-tabs.js]
[hikeeducation.com/wp-content/themes/lt-university/page_template/js/slick.js]
[hikeeducation.com/wp-content/themes/lt-university/page_template/js/jquery.validate.min.js]
[hikeeducation.com/wp-content/themes/lt-university/page_template/js/additional-methods.min.js]
[ajax.googleapis.com/ajax/libs/jquery/3.5.1/jquery.min.js]
[hikeeducation.com/online-amity-university/indexad8d.html]
[www.googletagmanager.com/gtm5445.html]
[cdn.jsdelivr.net/npm/bootstrap@4.6.2/dist/css/bootstrap.min.css]
[cdnjs.cloudflare.com/ajax/libs/font-awesome/4.0.3/css/font-awesome.css]
[stackpath.bootstrapcdn.com/bootstrap/4.5.2/js/bootstrap.bundle.min.js]
[hikeeducation.com/wp-content/themes/lt-university/page_template/images/select_dropdown.png]
[hikeeducation.com/wp-content/themes/lt-university/page_template/images/distance_programm_bg.jpg]
[hikeeducation.com/wp-content/themes/lt-university/page_template/images/about_nmims_bg.jpg]
[hikeeducation.com/wp-content/themes/lt-university/page_template/css/style.css]
[hikeeducation.com/wp-content/themes/lt-university/page_template/images/dlp_bg.jpg]
[hikeeducation.com/wp-content/themes/lt-university/page_template/css/responsive.css]
[hikeeducation.com/wp-content/themes/lt-university/page_template/css/easy-responsive-tabs.css]
[hikeeducation.com/wp-content/themes/lt-university/page_template/images/fancybox_loading.gif]
[hikeeducation.com/wp-content/themes/lt-university/page_template/images/pre-arrow.png]
[hikeeducation.com/wp-content/themes/lt-university/page_template/images/pre_warrow.png]
[hikeeducation.com/wp-content/themes/lt-university/page_template/images/next-warrow.png]
[hikeeducation.com/wp-content/themes/lt-university/page_template/images/next-arrow-ho.png]
[hikeeducation.com/wp-content/themes/lt-university/page_template/images/next-arrow.png]
[hikeeducation.com/wp-content/themes/lt-university/page_template/css/slick.css]
[cdn.jsdelivr.net/npm/slick-carousel/slick/slick.css]
[cdn.jsdelivr.net/npm/slick-carousel/slick/ajax-loader.gif]
[cdn.jsdelivr.net/npm/slick-carousel/slick/fonts/slick.eot]
[cdn.jsdelivr.net/npm/slick-carousel/slick/fonts/slickd41d.eot]
[cdn.jsdelivr.net/npm/slick-carousel/slick/fonts/slick.woff]
[cdn.jsdelivr.net/npm/slick-carousel/slick/fonts/slick.ttf]
[cdn.jsdelivr.net/npm/slick-carousel/slick/slick-theme.css]
[cdn.jsdelivr.net/npm/slick-carousel/slick/fonts/slick.svg]
[connect.facebook.net/en_US/fbevents.js]
[cdn.jsdelivr.net/npm/slick-carousel@1.8.1/slick.min.js]
[hikeeducation.com/wp-content/themes/lt-university/page_template/images/sprite.html]
[hikeeducation.com/wp-content/themes/lt-university/page_template/images/executive_programme_bg.html]
[hikeeducation.com/wp-content/themes/lt-university/page_template/images/executive_mobile_bg.html]
[hikeeducation.com/wp-content/themes/lt-university/page_template/images/pre-arrow-ho.html]
[cdn.jsdelivr.net/npm/slick-carousel/slick/fonts/slick.svg]
[hikeeducation.com/online-amity-university/POST.html]
[hikeeducation.com/online-amity-university/schema.org/index.html]
[hikeeducation.com/online-amity-university/b.html]
[hikeeducation.com/signals/iwl.html]
